2021-01-27 15:01:17,753 INFO o.a.j.u.JMeterUtils: Setting Locale to en_US
2021-01-27 15:01:17,778 INFO o.a.j.JMeter: Loading user properties from: user.properties
2021-01-27 15:01:17,779 INFO o.a.j.JMeter: Loading system properties from: system.properties
2021-01-27 15:01:17,791 INFO o.a.j.JMeter: Copyright (c) 1998-2021 The Apache Software Foundation
2021-01-27 15:01:17,791 INFO o.a.j.JMeter: Version 5.4.1
2021-01-27 15:01:17,792 INFO o.a.j.JMeter: java.version=10.0.2
2021-01-27 15:01:17,792 INFO o.a.j.JMeter: java.vm.name=Java HotSpot(TM) 64-Bit Server VM
2021-01-27 15:01:17,792 INFO o.a.j.JMeter: os.name=Windows Server 2016
2021-01-27 15:01:17,792 INFO o.a.j.JMeter: os.arch=amd64
2021-01-27 15:01:17,792 INFO o.a.j.JMeter: os.version=10.0
2021-01-27 15:01:17,792 INFO o.a.j.JMeter: file.encoding=Cp1252
2021-01-27 15:01:17,792 INFO o.a.j.JMeter: java.awt.headless=null
2021-01-27 15:01:17,792 INFO o.a.j.JMeter: Max memory     =4294967296
2021-01-27 15:01:17,792 INFO o.a.j.JMeter: Available Processors =8
2021-01-27 15:01:17,802 INFO o.a.j.JMeter: Default Locale=English (United States)
2021-01-27 15:01:17,803 INFO o.a.j.JMeter: JMeter  Locale=English (United States)
2021-01-27 15:01:17,803 INFO o.a.j.JMeter: JMeterHome=C:\Users\nenad.bjelica\Desktop\JMeter 5.4.1\apache-jmeter-5.4.1
2021-01-27 15:01:17,803 INFO o.a.j.JMeter: user.dir  =C:\Users\nenad.bjelica\Desktop\JMeter 5.4.1\apache-jmeter-5.4.1\bin
2021-01-27 15:01:17,804 INFO o.a.j.JMeter: PWD       =C:\Users\nenad.bjelica\Desktop\JMeter 5.4.1\apache-jmeter-5.4.1\bin
2021-01-27 15:01:17,805 INFO o.a.j.JMeter: IP: 172.29.17.50 Name: DVM030 FullName: DVM030.development.local
2021-01-27 15:01:17,968 INFO o.a.j.JMeter: Setting LAF to: com.github.weisj.darklaf.DarkLaf:com.github.weisj.darklaf.theme.DarculaTheme
2021-01-27 15:01:18,469 INFO o.a.j.JMeter: Loaded icon properties from org/apache/jmeter/images/icon.properties
2021-01-27 15:03:29,217 INFO o.a.j.s.FileServer: Default base='C:\Users\nenad.bjelica\Desktop\JMeter 5.4.1\apache-jmeter-5.4.1\bin'
2021-01-27 15:03:29,221 INFO o.a.j.g.a.Load: Loading file: C:\Users\nenad.bjelica\Desktop\JMeter 5.4.1\JMeterPlans\Issue Creation.jmx
2021-01-27 15:03:29,222 INFO o.a.j.s.FileServer: Set new base='C:\Users\nenad.bjelica\Desktop\JMeter 5.4.1\JMeterPlans'
2021-01-27 15:03:29,385 INFO o.a.j.s.SaveService: Testplan (JMX) version: 2.2. Testlog (JTL) version: 2.2
2021-01-27 15:03:29,400 INFO o.a.j.s.SaveService: Using SaveService properties version 5.0
2021-01-27 15:03:29,402 INFO o.a.j.s.SaveService: Using SaveService properties file encoding UTF-8
2021-01-27 15:03:29,403 INFO o.a.j.s.SaveService: Loading file: C:\Users\nenad.bjelica\Desktop\JMeter 5.4.1\JMeterPlans\Issue Creation.jmx
2021-01-27 15:03:29,430 INFO o.a.j.p.h.c.CookieManager: Settings: Delete null: true Check: true Allow variable: true Save: false Prefix: COOKIE_
2021-01-27 15:03:29,433 INFO o.a.j.p.h.c.CacheManager: Will only cache the following methods: [GET]
2021-01-27 15:03:29,443 INFO o.a.j.p.h.s.HTTPSamplerBase: Parser for text/html is org.apache.jmeter.protocol.http.parser.LagartoBasedHtmlParser
2021-01-27 15:03:29,443 INFO o.a.j.p.h.s.HTTPSamplerBase: Parser for application/xhtml+xml is org.apache.jmeter.protocol.http.parser.LagartoBasedHtmlParser
2021-01-27 15:03:29,444 INFO o.a.j.p.h.s.HTTPSamplerBase: Parser for application/xml is org.apache.jmeter.protocol.http.parser.LagartoBasedHtmlParser
2021-01-27 15:03:29,444 INFO o.a.j.p.h.s.HTTPSamplerBase: Parser for text/xml is org.apache.jmeter.protocol.http.parser.LagartoBasedHtmlParser
2021-01-27 15:03:29,444 INFO o.a.j.p.h.s.HTTPSamplerBase: Parser for text/vnd.wap.wml is org.apache.jmeter.protocol.http.parser.RegexpHTMLParser
2021-01-27 15:03:29,444 INFO o.a.j.p.h.s.HTTPSamplerBase: Parser for text/css is org.apache.jmeter.protocol.http.parser.CssParser
2021-01-27 15:03:29,843 INFO o.a.j.s.SampleResult: Note: Sample TimeStamps are START times
2021-01-27 15:03:29,843 INFO o.a.j.s.SampleResult: sampleresult.default.encoding is set to ISO-8859-1
2021-01-27 15:03:29,843 INFO o.a.j.s.SampleResult: sampleresult.useNanoTime=true
2021-01-27 15:03:29,843 INFO o.a.j.s.SampleResult: sampleresult.nanoThreadSleep=5000
2021-01-27 15:03:30,138 INFO o.a.j.s.FileServer: Set new base='C:\Users\nenad.bjelica\Desktop\JMeter 5.4.1\JMeterPlans'
2021-01-27 15:05:11,331 INFO o.a.j.g.a.Load: Loading file: C:\Users\nenad.bjelica\Desktop\JMeter 5.4.1\JMeterPlans\Use Case Creation.jmx
2021-01-27 15:05:11,331 INFO o.a.j.s.FileServer: Set new base='C:\Users\nenad.bjelica\Desktop\JMeter 5.4.1\JMeterPlans'
2021-01-27 15:05:11,331 INFO o.a.j.s.SaveService: Loading file: C:\Users\nenad.bjelica\Desktop\JMeter 5.4.1\JMeterPlans\Use Case Creation.jmx
2021-01-27 15:05:11,448 INFO o.a.j.s.FileServer: Set new base='C:\Users\nenad.bjelica\Desktop\JMeter 5.4.1\JMeterPlans'
